d:\work\toon_pc_client\toonsdk\win32\debug\cardcased.lib
d:\work\toon_pc_client\toonsdk\win32\debug\cardcased.exp
d:\work\toon_pc_client\toonqt\cardcase\debug\cardcasedetailsarea.obj
d:\work\toon_pc_client\toonqt\cardcase\debug\tndepartmentitem.obj
d:\work\toon_pc_client\toonqt\cardcase\debug\cardcaselistarea.obj
d:\work\toon_pc_client\toonqt\cardcase\debug\moc_tncardcasegroupchatdelegate.obj
d:\work\toon_pc_client\toonqt\cardcase\debug\moc_tncardcasegroupmodel.obj
d:\work\toon_pc_client\toonqt\cardcase\debug\moc_tncotreeview.obj
d:\work\toon_pc_client\toonqt\cardcase\debug\tncardcasegroupadapter.obj
d:\work\toon_pc_client\toonqt\cardcase\debug\tnchoosecardcommand.obj
d:\work\toon_pc_client\toonqt\cardcase\debug\cardcase.obj
d:\work\toon_pc_client\toonqt\cardcase\debug\tnstaffitem.obj
d:\work\toon_pc_client\toonqt\cardcase\debug\moc_cardcase.obj
d:\work\toon_pc_client\toonqt\cardcase\debug\moc_tncardcasecodelegate.obj
d:\work\toon_pc_client\toonqt\cardcase\debug\moc_tncardcasegroupdelegate.obj
d:\work\toon_pc_client\toonqt\cardcase\debug\moc_tncardcaselistfrienditemdelegate.obj
d:\work\toon_pc_client\toonqt\cardcase\debug\tncardcasegroupchatdelegate.obj
d:\work\toon_pc_client\toonqt\cardcase\debug\tncardcasegroupmodel.obj
d:\work\toon_pc_client\toonqt\cardcase\debug\tncardcasecodelegate.obj
d:\work\toon_pc_client\toonqt\cardcase\debug\tncompanyitem.obj
d:\work\toon_pc_client\toonqt\cardcase\debug\tncardcaselistadapter.obj
d:\work\toon_pc_client\toonqt\cardcase\debug\moc_cardcasedetailsarea.obj
d:\work\toon_pc_client\toonqt\cardcase\debug\moc_tncardcasecomodel.obj
d:\work\toon_pc_client\toonqt\cardcase\debug\moc_tncardcaselistadapter.obj
d:\work\toon_pc_client\toonqt\cardcase\debug\tncardcasegroupchatadapter.obj
d:\work\toon_pc_client\toonqt\cardcase\debug\tncardcasegroupdelegate.obj
d:\work\toon_pc_client\toonqt\cardcase\debug\tncardcasecomodel.obj
d:\work\toon_pc_client\toonqt\cardcase\debug\tncotreeview.obj
d:\work\toon_pc_client\toonqt\cardcase\debug\tncardcaselistfrienditemdelegate.obj
d:\work\toon_pc_client\toonqt\cardcase\debug\moc_cardcaselistarea.obj
d:\work\toon_pc_client\toonqt\cardcase\debug\moc_tncardcasegroupchatmodel.obj
d:\work\toon_pc_client\toonqt\cardcase\debug\moc_tnchoosecardcommand.obj
d:\work\toon_pc_client\toonqt\cardcase\debug\tncardcasegroupchatmodel.obj
d:\work\toon_pc_client\toonqt\cardcase\debug\tncardcasetreeitem.obj
d:\work\toon_pc_client\toonqt\cardcase\debug\vc120.pdb
d:\work\toon_pc_client\toonqt\cardcase\generatedfiles\qrc_cardcase.cpp
d:\work\toon_pc_client\toonqt\cardcase\generatedfiles\moc_tncardcasecodelegate.cpp
d:\work\toon_pc_client\toonqt\cardcase\generatedfiles\moc_tncardcasecomodel.cpp
d:\work\toon_pc_client\toonqt\cardcase\generatedfiles\moc_tncotreeview.cpp
d:\work\toon_pc_client\toonqt\cardcase\generatedfiles\moc_tncardcasegroupmodel.cpp
d:\work\toon_pc_client\toonqt\cardcase\generatedfiles\moc_tncardcasegroupdelegate.cpp
d:\work\toon_pc_client\toonqt\cardcase\generatedfiles\moc_tncardcasegroupchatmodel.cpp
d:\work\toon_pc_client\toonqt\cardcase\generatedfiles\moc_tncardcasegroupchatdelegate.cpp
d:\work\toon_pc_client\toonqt\cardcase\generatedfiles\moc_cardcaselistarea.cpp
d:\work\toon_pc_client\toonqt\cardcase\generatedfiles\moc_cardcasedetailsarea.cpp
d:\work\toon_pc_client\toonqt\cardcase\generatedfiles\moc_cardcase.cpp
d:\work\toon_pc_client\toonqt\cardcase\generatedfiles\moc_tnchoosecardcommand.cpp
d:\work\toon_pc_client\toonqt\cardcase\generatedfiles\moc_tncardcaselistfrienditemdelegate.cpp
d:\work\toon_pc_client\toonqt\cardcase\generatedfiles\moc_tncardcaselistadapter.cpp
d:\work\toon_pc_client\toonsdk\win32\debug\cardcased.ilk
d:\work\toon_pc_client\toonsdk\win32\debug\cardcased.dll
d:\work\toon_pc_client\toonsdk\win32\debug\cardcased.pdb
d:\work\toon_pc_client\toonqt\cardcase\debug\cardcase.vcxprojresolveassemblyreference.cache
d:\work\toon_pc_client\toonsdk\\win32\debug\cardcased.pdb
d:\work\toon_pc_client\toonsdk\\win32\debug\cardcased.dll
d:\work\toon_pc_client\toonsdk\\win32\debug\cardcased.ilk
d:\work\toon_pc_client\toonqt\cardcase\debug\cardcase.tlog\cardcase.write.1u.tlog
d:\work\toon_pc_client\toonqt\cardcase\debug\cardcase.tlog\cl.command.1.tlog
d:\work\toon_pc_client\toonqt\cardcase\debug\cardcase.tlog\cl.read.1.tlog
d:\work\toon_pc_client\toonqt\cardcase\debug\cardcase.tlog\cl.write.1.tlog
d:\work\toon_pc_client\toonqt\cardcase\debug\cardcase.tlog\custombuild.command.1.tlog
d:\work\toon_pc_client\toonqt\cardcase\debug\cardcase.tlog\custombuild.read.1.tlog
d:\work\toon_pc_client\toonqt\cardcase\debug\cardcase.tlog\custombuild.write.1.tlog
d:\work\toon_pc_client\toonqt\cardcase\debug\cardcase.tlog\link.command.1.tlog
d:\work\toon_pc_client\toonqt\cardcase\debug\cardcase.tlog\link.read.1.tlog
d:\work\toon_pc_client\toonqt\cardcase\debug\cardcase.tlog\link.write.1.tlog
