生成启动时间为 2020-06-12 21:49:48。
     1>项目“D:\Work\toon_PC_Client\toonqt\Common\Common.vcxproj”在节点 2 上(Build 个目标)。
     1>ClCompile:
         C:\Program Files (x86)\Microsoft Visual Studio 12.0\VC\bin\CL.exe /c /I.\GeneratedFiles /I. /IC:\Qt\Qt5.6.2\5.6\msvc2013\include /IC:\Qt\Qt5.6.2\5.6\msvc2013\include\QtCore /IC:\Qt\Qt5.6.2\5.6\msvc2013\include\QtGui /IC:\Qt\Qt5.6.2\5.6\msvc2013\include\QtWidgets /IC:\Qt\Qt5.6.2\5.6\msvc2013\include\QtWebEngineWidgets /IC:\Qt\Qt5.6.2\5.6\msvc2013\include\QtNetWork /IC:\Qt\Qt5.6.2\5.6\msvc2013\include\QtWebChannel /I.\..\toonsdk\zlib\include /ID:\Work\toon_PC_Client\TOONSDK\\include\windows /I.\..\toonsdk\qxtglobalshortcut /Zi /nologo /W1 /WX- /MP /Od /Oy- /D UNICODE /D WIN32 /D WIN64 /D QT_DLL /D QT_CORE_LIB /D COMMON_LIB /D _WINDLL /Gm- /EHsc /MDd /GS /fp:precise /Zc:wchar_t /Zc:forScope /Fo"Debug\\" /Fd"Debug\vc120.pdb" /Gd /TP /analyze- /errorReport:prompt TNUtil.cpp
         TNUtil.cpp
       Link:
         C:\Program Files (x86)\Microsoft Visual Studio 12.0\VC\bin\link.exe /ERRORREPORT:PROMPT /OUT:"D:\Work\toon_PC_Client\TOONSDK\\Win32\Debug\\Commond.dll" /INCREMENTAL /NOLOGO /LIBPATH:C:\Qt\Qt5.6.2\5.6\msvc2013\lib /LIBPATH:D:\Work\toon_PC_Client\TOONSDK\\lib\Windows\Win32\ /LIBPATH:.\..\toonsdk\zlib\Windows\x86\lib /LIBPATH:.\..\toonsdk\qxtglobalshortcut\windows\x86\Debug_add qtmaind.lib Qt5Cored.lib Qt5Guid.lib Qt5Widgetsd.lib Qt5NetWorkd.lib Qt5WebEngineWidgetsd.lib Qt5WebChanneld.lib zlib.lib qxtglobalshortcut.lib kernel32.lib user32.lib gdi32.lib winspool.lib comdlg32.lib advapi32.lib shell32.lib ole32.lib oleaut32.lib uuid.lib odbc32.lib odbccp32.lib /MANIFEST /MANIFESTUAC:"level='asInvoker' uiAccess='false'" /manifest:embed /DEBUG /PDB:"D:\Work\toon_PC_Client\TOONSDK\\Win32\Debug\Commond.pdb" /SUBSYSTEM:WINDOWS /TLBID:1 /DYNAMICBASE /NXCOMPAT /IMPLIB:"D:\Work\toon_PC_Client\TOONSDK\\Win32\Debug\Commond.lib" /MACHINE:X86 /SAFESEH /DLL Debug\Common.obj
         Debug\DetailsAreaBase.obj
         Debug\DropShadowWidget.obj
         Debug\moc_DetailsAreaBase.obj
         Debug\moc_DropShadowWidget.obj
         Debug\moc_ListAreaBase.obj
         Debug\moc_MenuAreaBase.obj
         Debug\moc_PluginExportBase.obj
         Debug\moc_TNCHNHelper.obj
         Debug\moc_TNDebugLog.obj
         Debug\moc_TNDocument.obj
         Debug\moc_TNGlobalShotCutManagement.obj
         Debug\moc_tnimagectr.obj
         Debug\moc_TNListModel.obj
         Debug\moc_TNMessageBox.obj
         Debug\moc_TNProgressLoading.obj
         Debug\moc_TNProgressLoadingWithPrompt.obj
         Debug\moc_TNQLineEdit.obj
         Debug\moc_TNQListView.obj
         Debug\moc_TNResizerDecorator.obj
         Debug\moc_TNStartloadingpage.obj
         Debug\moc_TNTableModel.obj
         Debug\moc_TNWarningMessageBox.obj
         Debug\moc_ToolButton.obj
         Debug\moc_XmlSingleton.obj
         Debug\MenuAreaBase.obj
         Debug\ListAreaBase.obj
         Debug\ioapi.obj
         Debug\iowin32.obj
         Debug\mztools.obj
         Debug\unzip.obj
         Debug\zip.obj
         Debug\PluginExportBase.obj
         Debug\TNCHNHelper.obj
         Debug\TNGlobalShotCutManagement.obj
         Debug\tnimagectr.obj
         Debug\TNListModel.obj
         Debug\TNQLineEdit.obj
         Debug\TNQListView.obj
         Debug\TNResizerDecorator.obj
         Debug\TNSettingData.obj
         Debug\TNShortCutKeyTextMap.obj
         Debug\TNStartloadingpage.obj
         Debug\TNConfig.obj
         Debug\TNDebugLog.obj
         Debug\TNDocument.obj
         Debug\TNMessageBox.obj
         Debug\TNMessageListAdapter.obj
         Debug\TNPathUtil.obj
         Debug\TNProgressLoading.obj
         Debug\TNProgressLoadingWithPrompt.obj
         Debug\TNPromptSignLabel.obj
         Debug\TNTableModel.obj
         Debug\TNUpgradePlatform.obj
         Debug\TNUserDataUtil.obj
         Debug\TNUserPath.obj
         Debug\TNUtil.obj
         Debug\TNVersionInfo.obj
         Debug\TNWarningMessageBox.obj
         Debug\tnwinconvert.obj
         Debug\TNZipCommon.obj
         Debug\TNZoomFactor.obj
         Debug\ToolButton.obj
         Debug\XmlSingleton.obj
         Debug\pugixml.obj
         Common.vcxproj -> D:\Work\toon_PC_Client\TOONSDK\\Win32\Debug\Commond.dll
     1>已完成生成项目“D:\Work\toon_PC_Client\toonqt\Common\Common.vcxproj”(Build 个目标)的操作。

生成成功。

已用时间 00:00:02.68
