生成启动时间为 2020-06-12 21:09:19。
     1>项目“D:\Work\toon_PC_Client\toonqt\NetWorkAPI\NetWorkAPI.vcxproj”在节点 2 上(Build 个目标)。
     1>ClCompile:
         C:\Program Files (x86)\Microsoft Visual Studio 12.0\VC\bin\CL.exe /c /I.\GeneratedFiles /I. /IC:\Qt\Qt5.6.2\5.6\msvc2013\include /I.\..\Common /IC:\Qt\Qt5.6.2\5.6\msvc2013\include\QtCore /IC:\Qt\Qt5.6.2\5.6\msvc2013\include\QtGui /IC:\Qt\Qt5.6.2\5.6\msvc2013\include\QtWidgets /IC:\Qt\Qt5.6.2\5.6\msvc2013\include\QtWebEngineWidgets /IC:\Qt\Qt5.6.2\5.6\msvc2013\include\QtNetWork /Zi /nologo /W1 /WX- /MP /Od /Oy- /D UNICODE /D WIN32 /D WIN64 /D QT_DLL /D QT_CORE_LIB /D NETWORKAPI_LIB /D _WINDLL /Gm- /EHsc /MDd /GS /fp:precise /Zc:wchar_t /Zc:forScope /Fo"Debug\\" /Fd"Debug\vc120.pdb" /Gd /TP /analyze- /errorReport:prompt GeneratedFiles\moc_TNDataStatistics.cpp GeneratedFiles\moc_TNHomePageConfigParser.cpp GeneratedFiles\moc_TNHttpApi.cpp GeneratedFiles\moc_TNHttpBaseApi.cpp GeneratedFiles\moc_TNHttpCloudApi.cpp GeneratedFiles\moc_TNHttpDownCloud.cpp GeneratedFiles\moc_TNHttpDownFile.cpp GeneratedFiles\moc_TNHttpFeedBack.cpp GeneratedFiles\moc_TNHttpGetContactFriendFeed.cpp GeneratedFiles\moc_TNHttpGetGroupCardByUser.cpp GeneratedFiles\moc_TNHttpGetListGroupContactByUserId.cpp GeneratedFiles\moc_TNHttpGetListOrgCardByUserId.cpp GeneratedFiles\moc_TNHttpGetListRecommendApp.cpp GeneratedFiles\moc_TNHttpGetListRelationItem.cpp GeneratedFiles\moc_TNHttpGetListStaffCard.cpp GeneratedFiles\moc_TNHttpGetListStaffCardByUserId.cpp GeneratedFiles\moc_TNHttpGetListStaffContactByUserId.cpp GeneratedFiles\moc_TNHttpGetMyGroup.cpp GeneratedFiles\moc_TNHttpGetOrgGroupList.cpp GeneratedFiles\moc_TNHttpGetUnConfirmFriendFeed.cpp GeneratedFiles\moc_TNHttpObtainFeedList.cpp GeneratedFiles\moc_TNHttpObtainGroupChatMembersByGroupChatId.cpp GeneratedFiles\moc_TNHttpObtainGroupChatsByUserId.cpp GeneratedFiles\moc_TNHttpObtainGroupMemberFeedList.cpp GeneratedFiles\moc_TNHttpObtainGroupMembersByGroupId.cpp GeneratedFiles\moc_TNHttpQRCodeKeyGen.cpp GeneratedFiles\moc_TNHttpQuertySwitchInfo.cpp GeneratedFiles\moc_TNHttpUpdateVersion.cpp GeneratedFiles\moc_TNHttpUploadCloud.cpp GeneratedFiles\moc_TNNetAvatarDown.cpp GeneratedFiles\moc_TNNetDetecter.cpp GeneratedFiles\moc_TNUpgradeMangement.cpp NetWorkAPI.cpp TNDataStatistics.cpp TNHomePageConfigParser.cpp TNHttpAddGroupChatMember.cpp TNHttpApi.cpp TNHttpBaseApi.cpp TNHttpBasicRouterApi.cpp TNHttpCheckVCodeBeforeLogin.cpp TNHttpCloudApi.cpp TNHttpCreateGroupChat.cpp TNHttpDam.cpp TNHttpDomainRouterApi.cpp TNHttpDownCloud.cpp TNHttpDownFile.cpp TNHttpFeedBack.cpp TNHttpFriendRequest.cpp TNHttpFriendRequestByPhone.cpp TNHttpGetCompanyFeedIdByComId.cpp TNHttpGetCompanyInfoByComIdList.cpp TNHttpGetContactFriendFeed.cpp TNHttpGetFeedRemark.cpp TNHttpGetGroupCardByUser.cpp TNHttpGetListCard.cpp TNHttpGetListCardRegisterApp.cpp TNHttpGetListCompanyCardRegisterApp.cpp TNHttpGetListCompanyStaffRegisterApp.cpp TNHttpGetListGroupContactByUserId.cpp TNHttpGetListGroupInfo.cpp TNHttpGetListGroupRegisterApp.cpp TNHttpGetListOrgCard.cpp TNHttpGetListOrgCardByUserId.cpp TNHttpGetListRecommendApp.cpp TNHttpGetListRelationItem.cpp TNHttpGetListStaffCard.cpp TNHttpGetListStaffCardByUserId.cpp TNHttpGetListStaffContactByUserId.cpp TNHttpGetMessageAppInfo.cpp TNHttpGetMyGroup.cpp TNHttpGetOrgCommunicationStatus.cpp TNHttpGetOrgGroupList.cpp TNHttpGetUnConfirmFriendFeed.cpp TNHttpGroupRequest.cpp TNHttpLoadAvatar.cpp TNHttpNewCardRequest.cpp TNHttpObtainAppCode.cpp TNHttpObtainFeedList.cpp TNHttpObtainGroupChatInfoByGroupChatId.cpp TNHttpObtainGroupChatInfoByGroupChatIdSyn.cpp TNHttpObtainGroupChatMembersByGroupChatId.cpp TNHttpObtainGroupChatsByUserId.cpp TNHttpObtainGroupMemberFeedList.cpp TNHttpObtainGroupMembersByGroupId.cpp TNHttpObtainStoken.cpp TNHttpOrgCardRequest.cpp TNHttpQRCodeKeyGen.cpp TNHttpQuertySwitchInfo.cpp TNHttpQuitGroupChat.cpp TNHttpRemoveGroupChatMember.cpp TNHttpResetPassword.cpp TNHttpSetGroupChatDisb.cpp TNHttpSwitchSet.cpp TNHttpUpdateGroupChat.cpp TNHttpUpdateVersion.cpp TNHttpUploadCloud.cpp TNNetAvatarDown.cpp TNNetDetecter.cpp TNUpgradeMangement.cpp
         moc_TNDataStatistics.cpp
         moc_TNHomePageConfigParser.cpp
         moc_TNHttpApi.cpp
         moc_TNHttpBaseApi.cpp
         moc_TNHttpCloudApi.cpp
         moc_TNHttpDownCloud.cpp
         moc_TNHttpDownFile.cpp
         moc_TNHttpFeedBack.cpp
         moc_TNHttpGetContactFriendFeed.cpp
         moc_TNHttpGetGroupCardByUser.cpp
         moc_TNHttpGetListGroupContactByUserId.cpp
         moc_TNHttpGetListOrgCardByUserId.cpp
         moc_TNHttpGetListRecommendApp.cpp
         moc_TNHttpGetListRelationItem.cpp
         moc_TNHttpGetListStaffCard.cpp
         moc_TNHttpGetListStaffCardByUserId.cpp
         moc_TNHttpGetListStaffContactByUserId.cpp
         moc_TNHttpGetMyGroup.cpp
         moc_TNHttpGetOrgGroupList.cpp
         moc_TNHttpGetUnConfirmFriendFeed.cpp
         moc_TNHttpObtainFeedList.cpp
         moc_TNHttpObtainGroupChatMembersByGroupChatId.cpp
         moc_TNHttpObtainGroupChatsByUserId.cpp
         moc_TNHttpObtainGroupMemberFeedList.cpp
         moc_TNHttpObtainGroupMembersByGroupId.cpp
         moc_TNHttpQRCodeKeyGen.cpp
         moc_TNHttpQuertySwitchInfo.cpp
         moc_TNHttpUpdateVersion.cpp
         moc_TNHttpUploadCloud.cpp
         moc_TNNetAvatarDown.cpp
         moc_TNNetDetecter.cpp
         moc_TNUpgradeMangement.cpp
         NetWorkAPI.cpp
         TNDataStatistics.cpp
         TNHomePageConfigParser.cpp
         TNHttpAddGroupChatMember.cpp
         TNHttpApi.cpp
         TNHttpBaseApi.cpp
         TNHttpBasicRouterApi.cpp
         TNHttpCheckVCodeBeforeLogin.cpp
         TNHttpCloudApi.cpp
         TNHttpCreateGroupChat.cpp
         TNHttpDam.cpp
         TNHttpDomainRouterApi.cpp
         TNHttpDownCloud.cpp
         TNHttpDownFile.cpp
         TNHttpFeedBack.cpp
         TNHttpFriendRequest.cpp
         TNHttpFriendRequestByPhone.cpp
         TNHttpGetCompanyFeedIdByComId.cpp
         TNHttpGetCompanyInfoByComIdList.cpp
         TNHttpGetContactFriendFeed.cpp
         TNHttpGetFeedRemark.cpp
         TNHttpGetGroupCardByUser.cpp
         TNHttpGetListCard.cpp
         TNHttpGetListCardRegisterApp.cpp
         TNHttpGetListCompanyCardRegisterApp.cpp
         TNHttpGetListCompanyStaffRegisterApp.cpp
         TNHttpGetListGroupContactByUserId.cpp
         TNHttpGetListGroupInfo.cpp
         TNHttpGetListGroupRegisterApp.cpp
         TNHttpGetListOrgCard.cpp
         TNHttpGetListOrgCardByUserId.cpp
         TNHttpGetListRecommendApp.cpp
         TNHttpGetListRelationItem.cpp
         TNHttpGetListStaffCard.cpp
         TNHttpGetListStaffCardByUserId.cpp
         TNHttpGetListStaffContactByUserId.cpp
         TNHttpGetMessageAppInfo.cpp
         TNHttpGetMyGroup.cpp
         TNHttpGetOrgCommunicationStatus.cpp
         TNHttpGetOrgGroupList.cpp
         TNHttpGetUnConfirmFriendFeed.cpp
         TNHttpGroupRequest.cpp
         TNHttpLoadAvatar.cpp
         TNHttpNewCardRequest.cpp
         TNHttpObtainAppCode.cpp
         TNHttpObtainFeedList.cpp
         TNHttpObtainGroupChatInfoByGroupChatId.cpp
         TNHttpObtainGroupChatInfoByGroupChatIdSyn.cpp
         TNHttpObtainGroupChatMembersByGroupChatId.cpp
         TNHttpObtainGroupChatsByUserId.cpp
         TNHttpObtainGroupMemberFeedList.cpp
         TNHttpObtainGroupMembersByGroupId.cpp
         TNHttpObtainStoken.cpp
         TNHttpOrgCardRequest.cpp
         TNHttpQRCodeKeyGen.cpp
         TNHttpQuertySwitchInfo.cpp
         TNHttpQuitGroupChat.cpp
         TNHttpRemoveGroupChatMember.cpp
         TNHttpResetPassword.cpp
         TNHttpSetGroupChatDisb.cpp
         TNHttpSwitchSet.cpp
         TNHttpUpdateGroupChat.cpp
         TNHttpUpdateVersion.cpp
         TNHttpUploadCloud.cpp
         TNNetAvatarDown.cpp
         TNNetDetecter.cpp
         TNUpgradeMangement.cpp
       Link:
         C:\Program Files (x86)\Microsoft Visual Studio 12.0\VC\bin\link.exe /ERRORREPORT:PROMPT /OUT:"D:\Work\toon_PC_Client\TOONSDK\\Win32\Debug\\NetWorkAPId.dll" /NOLOGO /LIBPATH:C:\Qt\Qt5.6.2\5.6\msvc2013\lib qtmaind.lib Qt5Cored.lib Qt5Guid.lib Qt5Widgetsd.lib Qt5NetWorkd.lib D:\Work\toon_PC_Client\TOONSDK\\Win32\Debug\Commond.lib kernel32.lib user32.lib gdi32.lib winspool.lib comdlg32.lib advapi32.lib shell32.lib ole32.lib oleaut32.lib uuid.lib odbc32.lib odbccp32.lib /MANIFEST /MANIFESTUAC:"level='asInvoker' uiAccess='false'" /manifest:embed /DEBUG /PDB:"D:\Work\toon_PC_Client\TOONSDK\\Win32\Debug\NetWorkAPId.pdb" /SUBSYSTEM:WINDOWS /TLBID:1 /DYNAMICBASE /NXCOMPAT /IMPLIB:"D:\Work\toon_PC_Client\TOONSDK\\Win32\Debug\NetWorkAPId.lib" /MACHINE:X86 /SAFESEH /DLL Debug\moc_TNDataStatistics.obj
         Debug\moc_TNHomePageConfigParser.obj
         Debug\moc_TNHttpApi.obj
         Debug\moc_TNHttpBaseApi.obj
         Debug\moc_TNHttpCloudApi.obj
         Debug\moc_TNHttpDownCloud.obj
         Debug\moc_TNHttpDownFile.obj
         Debug\moc_TNHttpFeedBack.obj
         Debug\moc_TNHttpGetContactFriendFeed.obj
         Debug\moc_TNHttpGetGroupCardByUser.obj
         Debug\moc_TNHttpGetListGroupContactByUserId.obj
         Debug\moc_TNHttpGetListOrgCardByUserId.obj
         Debug\moc_TNHttpGetListRecommendApp.obj
         Debug\moc_TNHttpGetListRelationItem.obj
         Debug\moc_TNHttpGetListStaffCard.obj
         Debug\moc_TNHttpGetListStaffCardByUserId.obj
         Debug\moc_TNHttpGetListStaffContactByUserId.obj
         Debug\moc_TNHttpGetMyGroup.obj
         Debug\moc_TNHttpGetOrgGroupList.obj
         Debug\moc_TNHttpGetUnConfirmFriendFeed.obj
         Debug\moc_TNHttpObtainFeedList.obj
         Debug\moc_TNHttpObtainGroupChatMembersByGroupChatId.obj
         Debug\moc_TNHttpObtainGroupChatsByUserId.obj
         Debug\moc_TNHttpObtainGroupMemberFeedList.obj
         Debug\moc_TNHttpObtainGroupMembersByGroupId.obj
         Debug\moc_TNHttpQRCodeKeyGen.obj
         Debug\moc_TNHttpQuertySwitchInfo.obj
         Debug\moc_TNHttpReplyTimeout.obj
         Debug\moc_TNHttpUpdateVersion.obj
         Debug\moc_TNHttpUploadCloud.obj
         Debug\moc_TNNetAvatarDown.obj
         Debug\moc_TNNetDetecter.obj
         Debug\moc_TNUpgradeMangement.obj
         Debug\qrc_NetWorkAPI.obj
         Debug\NetWorkAPI.obj
         Debug\TNDataStatistics.obj
         Debug\TNHomePageConfigParser.obj
         Debug\TNHttpAddGroupChatMember.obj
         Debug\TNHttpApi.obj
         Debug\TNHttpBaseApi.obj
         Debug\TNHttpBasicRouterApi.obj
         Debug\TNHttpCheckVCodeBeforeLogin.obj
         Debug\TNHttpCloudApi.obj
         Debug\TNHttpCreateGroupChat.obj
         Debug\TNHttpDam.obj
         Debug\TNHttpDomainRouterApi.obj
         Debug\TNHttpDownCloud.obj
         Debug\TNHttpDownFile.obj
         Debug\TNHttpFeedBack.obj
         Debug\TNHttpFriendRequest.obj
         Debug\TNHttpFriendRequestByPhone.obj
         Debug\TNHttpGetCompanyFeedIdByComId.obj
         Debug\TNHttpGetContactFriendFeed.obj
         Debug\TNHttpGetFeedRemark.obj
         Debug\TNHttpGetListCard.obj
         Debug\TNHttpGetCompanyInfoByComIdList.obj
         Debug\TNHttpGetListCardRegisterApp.obj
         Debug\TNHttpGetListCompanyCardRegisterApp.obj
         Debug\TNHttpGetListCompanyStaffRegisterApp.obj
         Debug\TNHttpGetListGroupInfo.obj
         Debug\TNHttpGetListGroupRegisterApp.obj
         Debug\TNHttpGetListOrgCard.obj
         Debug\TNHttpGetListOrgCardByUserId.obj
         Debug\TNHttpGetListRecommendApp.obj
         Debug\TNHttpGetListStaffCard.obj
         Debug\TNHttpGetMessageAppInfo.obj
         Debug\TNHttpGetMyGroup.obj
         Debug\TNHttpGetOrgCommunicationStatus.obj
         Debug\TNHttpGetUnConfirmFriendFeed.obj
         Debug\TNHttpGroupRequest.obj
         Debug\TNHttpNewCardRequest.obj
         Debug\TNHttpObtainAppCode.obj
         Debug\TNHttpObtainGroupChatInfoByGroupChatIdSyn.obj
         Debug\TNHttpObtainGroupChatsByUserId.obj
         Debug\TNHttpObtainGroupChatMembersByGroupChatId.obj
         Debug\TNHttpObtainGroupChatInfoByGroupChatId.obj
         Debug\TNHttpGetListStaffCardByUserId.obj
         Debug\TNHttpGetOrgGroupList.obj
         Debug\TNHttpGetListGroupContactByUserId.obj
         Debug\TNHttpGetGroupCardByUser.obj
         Debug\TNHttpGetListRelationItem.obj
         Debug\TNHttpGetListStaffContactByUserId.obj
         Debug\TNHttpLoadAvatar.obj
         Debug\TNHttpObtainFeedList.obj
         Debug\TNHttpObtainGroupMemberFeedList.obj
         Debug\TNHttpObtainGroupMembersByGroupId.obj
         Debug\TNHttpObtainStoken.obj
         Debug\TNHttpOrgCardRequest.obj
         Debug\TNHttpQRCodeKeyGen.obj
         Debug\TNHttpQuertySwitchInfo.obj
         Debug\TNHttpQuitGroupChat.obj
         Debug\TNHttpRemoveGroupChatMember.obj
         Debug\TNHttpReplyTimeout.obj
         Debug\TNHttpResetPassword.obj
         Debug\TNHttpSetGroupChatDisb.obj
         Debug\TNHttpSwitchSet.obj
         Debug\TNHttpUpdateGroupChat.obj
         Debug\TNHttpUpdateVersion.obj
         Debug\TNHttpUploadCloud.obj
         Debug\TNNetAvatarDown.obj
         Debug\TNNetDetecter.obj
         Debug\TNUpgradeMangement.obj
         D:\Work\toon_PC_Client\TOONSDK\Win32\Debug\Commond.lib
         NetWorkAPI.vcxproj -> D:\Work\toon_PC_Client\TOONSDK\\Win32\Debug\NetWorkAPId.dll
     1>已完成生成项目“D:\Work\toon_PC_Client\toonqt\NetWorkAPI\NetWorkAPI.vcxproj”(Build 个目标)的操作。

生成成功。

已用时间 00:01:07.92
